<?xml version="1.0" encoding="UTF-8" ?>
<testsuites>
  <testsuite errors="0" failures="1" hostname="MEDAS-ALFANO" id="0" name="ImageProxyTagLibTests" package="" tests="1" time="0.438" timestamp="2010-10-28T09:00:03">
      <properties />

      <testcase classname="ImageProxyTagLibTests" name="testGetImage" time="0.406">
          <failure message="junit.framework.AssertionFailedError: expected:&lt;&lt;img src=&quot;http://localhost:8080/images/imgProxy/test.jpg&quot; alt=&quot;This is a test&quot; id=&quot;test&quot; title=&quot;This is a test&quot; width=&quot;100&quot; height=&quot;200&quot; onclick=&quot;alert(&apos;alerting on click&apos;)&quot; onmousedown=&quot;alert(&apos;alerting on mouse down&apos;)&quot; onkeyup=&quot;alert(&apos;alerting on key up&apos;)&quot; /&gt;&gt; but was:&lt;&lt;img src=&quot;http://localhost:8080/images/imgProxy/test.jpg&quot; alt=&quot;This is a test&quot; id=&quot;test&quot; title=&quot;This is a test&quot; width=&quot;100&quot; height=&quot;200&quot; onclick=&quot;alert(&apos;alerting on click&apos;)&quot; onmousedown=&quot;alert(&apos;alerting on mouse down&apos;)&quot; onkeyup=&quot;alert(&apos;alerting on key up&apos;)&quot; /&gt;&gt;" type="junit.framework.AssertionFailedError">junit.framework.AssertionFailedError: junit.framework.AssertionFailedError: expected:&lt;&lt;img src=&quot;http://localhost:8080/images/imgProxy/test.jpg&quot; alt=&quot;This is a test&quot; id=&quot;test&quot; title=&quot;This is a test&quot; width=&quot;100&quot; height=&quot;200&quot; onclick=&quot;alert(&apos;alerting on click&apos;)&quot; onmousedown=&quot;alert(&apos;alerting on mouse down&apos;)&quot; onkeyup=&quot;alert(&apos;alerting on key up&apos;)&quot; /&gt;&gt; but was:&lt;&lt;img src=&quot;http://localhost:8080/images/imgProxy/test.jpg&quot; alt=&quot;This is a test&quot; id=&quot;test&quot; title=&quot;This is a test&quot; width=&quot;100&quot; height=&quot;200&quot; onclick=&quot;alert(&apos;alerting on click&apos;)&quot; onmousedown=&quot;alert(&apos;alerting on mouse down&apos;)&quot; onkeyup=&quot;alert(&apos;alerting on key up&apos;)&quot; /&gt;&gt;
	at ImageProxyTagLibTests.testGetImage(ImageProxyTagLibTests.groovy:33)
</failure>

      </testcase>

      <system-out><![CDATA[--Output from testGetImage--
]]></system-out>

      <system-err><![CDATA[--Output from testGetImage--
]]></system-err>

  </testsuite>
</testsuites>
